-------------------------------------------------------------------------------
Test set: com.ebank.jwt.util.TestJwtTokenUtil
-------------------------------------------------------------------------------
Tests run: 4, Failures: 4, Errors: 0, Skipped: 0, Time elapsed: 0 sec <<< FAILURE! - in com.ebank.jwt.util.TestJwtTokenUtil
com.ebank.jwt.util.TestJwtTokenUtil.testGenerateToken()  Time elapsed: 0 sec  <<< FAILURE!
java.lang.NullPointerException: Cannot invoke "com.ebank.jwt.util.JwtTokenUtil.generateToken(String, java.util.Map)" because "this.jwtTokenUtil" is null
	at com.ebank.jwt.util.TestJwtTokenUtil.testGenerateToken(TestJwtTokenUtil.java:26)

com.ebank.jwt.util.TestJwtTokenUtil.testIsTokenExpired()  Time elapsed: 0 sec  <<< FAILURE!
java.lang.NullPointerException: Cannot invoke "com.ebank.jwt.util.JwtTokenUtil.isTokenExpired(String)" because "this.jwtTokenUtil" is null
	at com.ebank.jwt.util.TestJwtTokenUtil.testIsTokenExpired(TestJwtTokenUtil.java:45)

com.ebank.jwt.util.TestJwtTokenUtil.testValidateToken()  Time elapsed: 0 sec  <<< FAILURE!
java.lang.NullPointerException: Cannot invoke "com.ebank.jwt.util.JwtTokenUtil.validateToken(String, String)" because "this.jwtTokenUtil" is null
	at com.ebank.jwt.util.TestJwtTokenUtil.testValidateToken(TestJwtTokenUtil.java:39)

com.ebank.jwt.util.TestJwtTokenUtil.testGetUserNameFromToken()  Time elapsed: 0 sec  <<< FAILURE!
java.lang.NullPointerException: Cannot invoke "com.ebank.jwt.util.JwtTokenUtil.getUsernameFromToken(String)" because "this.jwtTokenUtil" is null
	at com.ebank.jwt.util.TestJwtTokenUtil.testGetUserNameFromToken(TestJwtTokenUtil.java:32)

