-------------------------------------------------------------------------------
Test set: com.ebank.jwt.util.TestMyUserDetailsService
-------------------------------------------------------------------------------
Tests run: 1, Failures: 1, Errors: 0, Skipped: 0, Time elapsed: 0 sec <<< FAILURE! - in com.ebank.jwt.util.TestMyUserDetailsService
com.ebank.jwt.util.TestMyUserDetailsService.testLoadUserByUsername()  Time elapsed: 0 sec  <<< FAILURE!
java.lang.NullPointerException: Cannot invoke "com.ebank.jwt.util.MyUserDetailsService.loadUserByUsername(String)" because "this.myUserDetailsService" is null
	at com.ebank.jwt.util.TestMyUserDetailsService.testLoadUserByUsername(TestMyUserDetailsService.java:20)

