<?xml version="1.0" encoding="UTF-8"?>
<testsuite name="com.ebank.jwt.util.TestJwtAuthService" time="0" tests="2" errors="0" skipped="0" failures="2">
  <properties>
[...]
</properties>
  <testcase name="com.ebank.jwt.util.TestJwtAuthService.testRefresh" classname="com.ebank.jwt.util.TestJwtAuthService" time="0">
    <failure message="Cannot invoke &quot;com.ebank.jwt.util.JwtAuthService.refreshToken(String)&quot; because &quot;this.jwtAuthService&quot; is null" type="java.lang.NullPointerException">java.lang.NullPointerException: Cannot invoke "com.ebank.jwt.util.JwtAuthService.refreshToken(String)" because "this.jwtAuthService" is null
	at com.ebank.jwt.util.TestJwtAuthService.testRefresh(TestJwtAuthService.java:31)
</failure>
  </testcase>
  <testcase name="com.ebank.jwt.util.TestJwtAuthService.testLoginSuccess" classname="com.ebank.jwt.util.TestJwtAuthService" time="0">
    <failure message="Cannot invoke &quot;com.ebank.jwt.util.JwtAuthService.login(String, String, java.util.Map)&quot; because &quot;this.jwtAuthService&quot; is null" type="java.lang.NullPointerException">java.lang.NullPointerException: Cannot invoke "com.ebank.jwt.util.JwtAuthService.login(String, String, java.util.Map)" because "this.jwtAuthService" is null
	at com.ebank.jwt.util.TestJwtAuthService.testLoginSuccess(TestJwtAuthService.java:24)
</failure>
  </testcase>
</testsuite>